This is pdfTeX, Version 3.141592653-2.6-1.40.25 (TeX Live 2023) (preloaded format=pdflatex 2024.2.15)  22 FEB 2025 10:01
entering extended mode
 restricted \write18 enabled.
 file:line:error style messages enabled.
 %&-line parsing enabled.
**/Users/julietfleischer/Documents/NYPD_SQF_data/thesis/thesis.tex
(/Users/julietfleischer/Documents/NYPD_SQF_data/thesis/thesis.tex
LaTeX2e <2022-11-01> patch level 1
L3 programming layer <2023-02-22> (/usr/local/texlive/2023/texmf-dist/tex/latex/base/article.cls
Document Class: article 2022/07/02 v1.4n Standard LaTeX document class
(/usr/local/texlive/2023/texmf-dist/tex/latex/base/size12.clo
File: size12.clo 2022/07/02 v1.4n Standard LaTeX file (size option)
)
\c@part=\count185
\c@section=\count186
\c@subsection=\count187
\c@subsubsection=\count188
\c@paragraph=\count189
\c@subparagraph=\count190
\c@figure=\count191
\c@table=\count192
\abovecaptionskip=\skip48
\belowcaptionskip=\skip49
\bibindent=\dimen140
) (/usr/local/texlive/2023/texmf-dist/tex/latex/graphics/graphicx.sty
Package: graphicx 2021/09/16 v1.2d Enhanced LaTeX Graphics (DPC,SPQR)
 (/usr/local/texlive/2023/texmf-dist/tex/latex/graphics/keyval.sty
Package: keyval 2022/05/29 v1.15 key=value parser (DPC)
\KV@toks@=\toks16
) (/usr/local/texlive/2023/texmf-dist/tex/latex/graphics/graphics.sty
Package: graphics 2022/03/10 v1.4e Standard LaTeX Graphics (DPC,SPQR)
 (/usr/local/texlive/2023/texmf-dist/tex/latex/graphics/trig.sty
Package: trig 2021/08/11 v1.11 sin cos tan (DPC)
) (/usr/local/texlive/2023/texmf-dist/tex/latex/graphics-cfg/graphics.cfg
File: graphics.cfg 2016/06/04 v1.11 sample graphics configuration
)
Package graphics Info: Driver file: pdftex.def on input line 107.
 (/usr/local/texlive/2023/texmf-dist/tex/latex/graphics-def/pdftex.def
File: pdftex.def 2022/09/22 v1.2b Graphics/color driver for pdftex
))
\Gin@req@height=\dimen141
\Gin@req@width=\dimen142
) (/usr/local/texlive/2023/texmf-dist/tex/latex/pgf/utilities/pgffor.sty (/usr/local/texlive/2023/texmf-dist/tex/latex/pgf/utilities/pgfrcs.sty (/usr/local/texlive/2023/texmf-dist/tex/generic/pgf/utilities/pgfutil-common.tex
\pgfutil@everybye=\toks17
\pgfutil@tempdima=\dimen143
\pgfutil@tempdimb=\dimen144
) (/usr/local/texlive/2023/texmf-dist/tex/generic/pgf/utilities/pgfutil-latex.def
\pgfutil@abb=\box51
) (/usr/local/texlive/2023/texmf-dist/tex/generic/pgf/utilities/pgfrcs.code.tex (/usr/local/texlive/2023/texmf-dist/tex/generic/pgf/pgf.revision.tex)
Package: pgfrcs 2023-01-15 v3.1.10 (3.1.10)
)) (/usr/local/texlive/2023/texmf-dist/tex/latex/pgf/utilities/pgfkeys.sty (/usr/local/texlive/2023/texmf-dist/tex/generic/pgf/utilities/pgfkeys.code.tex
\pgfkeys@pathtoks=\toks18
\pgfkeys@temptoks=\toks19
 (/usr/local/texlive/2023/texmf-dist/tex/generic/pgf/utilities/pgfkeyslibraryfiltered.code.tex
\pgfkeys@tmptoks=\toks20
))) (/usr/local/texlive/2023/texmf-dist/tex/latex/pgf/math/pgfmath.sty (/usr/local/texlive/2023/texmf-dist/tex/generic/pgf/math/pgfmath.code.tex (/usr/local/texlive/2023/texmf-dist/tex/generic/pgf/math/pgfmathutil.code.tex
\pgf@x=\dimen145
\pgf@xa=\dimen146
\pgf@xb=\dimen147
\pgf@xc=\dimen148
\pgf@y=\dimen149
\pgf@ya=\dimen150
\pgf@yb=\dimen151
\pgf@yc=\dimen152
\c@pgf@counta=\count193
\c@pgf@countb=\count194
\c@pgf@countc=\count195
\c@pgf@countd=\count196
) (/usr/local/texlive/2023/texmf-dist/tex/generic/pgf/math/pgfmathparser.code.tex
\pgfmath@dimen=\dimen153
\pgfmath@count=\count197
\pgfmath@box=\box52
\pgfmath@toks=\toks21
\pgfmath@stack@operand=\toks22
\pgfmath@stack@operation=\toks23
) (/usr/local/texlive/2023/texmf-dist/tex/generic/pgf/math/pgfmathfunctions.code.tex) (/usr/local/texlive/2023/texmf-dist/tex/generic/pgf/math/pgfmathfunctions.basic.code.tex) (/usr/local/texlive/2023/texmf-dist/tex/generic/pgf/math/pgfmathfunctions.trigonometric.code.tex) (/usr/local/texlive/2023/texmf-dist/tex/generic/pgf/math/pgfmathfunctions.random.code.tex) (/usr/local/texlive/2023/texmf-dist/tex/generic/pgf/math/pgfmathfunctions.comparison.code.tex) (/usr/local/texlive/2023/texmf-dist/tex/generic/pgf/math/pgfmathfunctions.base.code.tex) (/usr/local/texlive/2023/texmf-dist/tex/generic/pgf/math/pgfmathfunctions.round.code.tex) (/usr/local/texlive/2023/texmf-dist/tex/generic/pgf/math/pgfmathfunctions.misc.code.tex) (/usr/local/texlive/2023/texmf-dist/tex/generic/pgf/math/pgfmathfunctions.integerarithmetics.code.tex) (/usr/local/texlive/2023/texmf-dist/tex/generic/pgf/math/pgfmathcalc.code.tex) (/usr/local/texlive/2023/texmf-dist/tex/generic/pgf/math/pgfmathfloat.code.tex
\c@pgfmathroundto@lastzeros=\count198
))) (/usr/local/texlive/2023/texmf-dist/tex/generic/pgf/utilities/pgffor.code.tex
Package: pgffor 2023-01-15 v3.1.10 (3.1.10)
\pgffor@iter=\dimen154
\pgffor@skip=\dimen155
\pgffor@stack=\toks24
\pgffor@toks=\toks25
)) (/usr/local/texlive/2023/texmf-dist/tex/latex/caption/caption.sty
Package: caption 2023/03/12 v3.6j Customizing captions (AR)
 (/usr/local/texlive/2023/texmf-dist/tex/latex/caption/caption3.sty
Package: caption3 2023/03/12 v2.4 caption3 kernel (AR)
\caption@tempdima=\dimen156
\captionmargin=\dimen157
\caption@leftmargin=\dimen158
\caption@rightmargin=\dimen159
\caption@width=\dimen160
\caption@indent=\dimen161
\caption@parindent=\dimen162
\caption@hangindent=\dimen163
Package caption Info: Standard document class detected.
)
\c@caption@flags=\count199
\c@continuedfloat=\count266
) (/usr/local/texlive/2023/texmf-dist/tex/latex/subfig/subfig.sty
Package: subfig 2005/06/28 ver: 1.3 subfig package
\c@KVtest=\count267
\sf@farskip=\skip50
\sf@captopadj=\dimen164
\sf@capskip=\skip51
\sf@nearskip=\skip52
\c@subfigure=\count268
\c@subfigure@save=\count269
\c@lofdepth=\count270
\c@subtable=\count271
\c@subtable@save=\count272
\c@lotdepth=\count273
\sf@top=\skip53
\sf@bottom=\skip54
) (/usr/local/texlive/2023/texmf-dist/tex/latex/tabularray/tabularray.sty (/usr/local/texlive/2023/texmf-dist/tex/latex/l3kernel/expl3.sty
Package: expl3 2023-02-22 L3 programming layer (loader) 
 (/usr/local/texlive/2023/texmf-dist/tex/latex/l3backend/l3backend-pdftex.def
File: l3backend-pdftex.def 2023-01-16 L3 backend support: PDF output (pdfTeX)
\l__color_backend_stack_int=\count274
\l__pdf_internal_box=\box53
))
Package: tabularray 2023-03-01 v2023A Typeset tabulars and arrays with LaTeX3
\l__tblr_a_int=\count275
\l__tblr_c_int=\count276
\l__tblr_r_int=\count277
\l__tblr_d_dim=\dimen165
\l__tblr_h_dim=\dimen166
\l__tblr_o_dim=\dimen167
\l__tblr_p_dim=\dimen168
\l__tblr_q_dim=\dimen169
\l__tblr_r_dim=\dimen170
\l__tblr_s_dim=\dimen171
\l__tblr_t_dim=\dimen172
\l__tblr_v_dim=\dimen173
\l__tblr_w_dim=\dimen174
\l__tblr_a_box=\box54
\l__tblr_b_box=\box55
\l__tblr_c_box=\box56
\l__tblr_d_box=\box57
\g__tblr_table_count_int=\count278
\c@rownum=\count279
\c@colnum=\count280
\c@rowcount=\count281
\c@colcount=\count282
\abovesep=\dimen175
\belowsep=\dimen176
\leftsep=\dimen177
\rightsep=\dimen178
\g_tblr_level_int=\count283
\g__tblr_data_row_key_count_int=\count284
\g__tblr_data_column_key_count_int=\count285
\g__tblr_data_cell_key_count_int=\count286
\g__tblr_array_int=\count287
\l__tblr_key_count_int=\count288
\l__tblr_key_quotient_int=\count289
\l__tblr_key_quotient_two_int=\count290
\l__tblr_key_remainder_int=\count291
\g__tblr_data_str_value_count_int=\count292
\rulewidth=\dimen179
\l__tblr_strut_dp_dim=\dimen180
\l__tblr_strut_ht_dim=\dimen181
\g__tblr_cell_wd_dim=\dimen182
\g__tblr_cell_ht_dim=\dimen183
\g__tblr_cell_head_dim=\dimen184
\g__tblr_cell_foot_dim=\dimen185
\l__column_target_dim=\dimen186
\l__tblr_caption_box=\box58
\l__tblr_caption_left_box=\box59
\l__tblr_row_head_box=\box60
\l__tblr_row_foot_box=\box61
\l__tblr_row_head_foot_dim=\dimen187
\tablewidth=\dimen188
\l__tblr_table_firsthead_box=\box62
\l__tblr_table_middlehead_box=\box63
\l__tblr_table_lasthead_box=\box64
\l__tblr_table_firstfoot_box=\box65
\l__tblr_table_middlefoot_box=\box66
\l__tblr_table_lastfoot_box=\box67
\l__tblr_remain_height_dim=\dimen189
\l__tblr_long_from_int=\count293
\l__tblr_long_to_int=\count294
\l__tblr_curr_i_int=\count295
\l__tblr_prev_i_int=\count296
\l__tblr_table_page_int=\count297
\l__tblr_table_head_box=\box68
\l__tblr_table_foot_box=\box69
\l__tblr_table_head_foot_dim=\dimen190
\l__tblr_table_head_body_foot_dim=\dimen191
\l__tblr_table_box=\box70
\l__tblr_table_hlines_box=\box71
\l__tblr_hline_box=\box72
\l__tblr_row_box=\box73
\l__tblr_col_o_wd_dim=\dimen192
\l__tblr_col_b_wd_dim=\dimen193
\l__tblr_hline_leftskip_dim=\dimen194
\l__tblr_hline_rightskip_dim=\dimen195
\l__tblr_row_ht_dim=\dimen196
\l__tblr_row_dp_dim=\dimen197
\l__tblr_row_abovesep_dim=\dimen198
\l__tblr_row_belowsep_dim=\dimen199
\l__tblr_row_vlines_box=\box74
\l__tblr_vline_box=\box75
\l__tblr_cell_box=\box76
\l__row_upper_dim=\dimen256
\l__row_lower_dim=\dimen257
\l__row_vpace_dim=\dimen258
\l__tblr_vline_aboveskip_dim=\dimen259
\l__tblr_vline_belowskip_dim=\dimen260
\l__tblr_cell_wd_dim=\dimen261
\l__tblr_cell_ht_dim=\dimen262
\l__tblr_diag_box=\box77
) (/usr/local/texlive/2023/texmf-dist/tex/latex/graphics/color.sty
Package: color 2022/01/06 v1.3d Standard LaTeX Color (DPC)
 (/usr/local/texlive/2023/texmf-dist/tex/latex/graphics-cfg/color.cfg
File: color.cfg 2016/01/02 v1.6 sample color configuration
)
Package color Info: Driver file: pdftex.def on input line 149.
 (/usr/local/texlive/2023/texmf-dist/tex/latex/graphics/mathcolor.ltx)) (/usr/local/texlive/2023/texmf-dist/tex/latex/base/alltt.sty
Package: alltt 2021/01/29 v2.0g defines alltt environment
) (/usr/local/texlive/2023/texmf-dist/tex/latex/float/float.sty
Package: float 2001/11/08 v1.3d Float enhancements (AL)
\c@float@type=\count298
\float@exts=\toks26
\float@box=\box78
\@float@everytoks=\toks27
\@floatcapt=\box79
) (/usr/local/texlive/2023/texmf-dist/tex/latex/amsmath/amsmath.sty
Package: amsmath 2022/04/08 v2.17n AMS math features
\@mathmargin=\skip55

For additional information on amsmath, use the `?' option.
(/usr/local/texlive/2023/texmf-dist/tex/latex/amsmath/amstext.sty
Package: amstext 2021/08/26 v2.01 AMS text
 (/usr/local/texlive/2023/texmf-dist/tex/latex/amsmath/amsgen.sty
File: amsgen.sty 1999/11/30 v2.0 generic functions
\@emptytoks=\toks28
\ex@=\dimen263
)) (/usr/local/texlive/2023/texmf-dist/tex/latex/amsmath/amsbsy.sty
Package: amsbsy 1999/11/29 v1.2d Bold Symbols
\pmbraise@=\dimen264
) (/usr/local/texlive/2023/texmf-dist/tex/latex/amsmath/amsopn.sty
Package: amsopn 2022/04/08 v2.04 operator names
)
\inf@bad=\count299
LaTeX Info: Redefining \frac on input line 234.
\uproot@=\count300
\leftroot@=\count301
LaTeX Info: Redefining \overline on input line 399.
LaTeX Info: Redefining \colon on input line 410.
\classnum@=\count302
\DOTSCASE@=\count303
LaTeX Info: Redefining \ldots on input line 496.
LaTeX Info: Redefining \dots on input line 499.
LaTeX Info: Redefining \cdots on input line 620.
\Mathstrutbox@=\box80
\strutbox@=\box81
LaTeX Info: Redefining \big on input line 722.
LaTeX Info: Redefining \Big on input line 723.
LaTeX Info: Redefining \bigg on input line 724.
LaTeX Info: Redefining \Bigg on input line 725.
\big@size=\dimen265
LaTeX Font Info:    Redeclaring font encoding OML on input line 743.
LaTeX Font Info:    Redeclaring font encoding OMS on input line 744.
\macc@depth=\count304
LaTeX Info: Redefining \bmod on input line 905.
LaTeX Info: Redefining \pmod on input line 910.
LaTeX Info: Redefining \smash on input line 940.
LaTeX Info: Redefining \relbar on input line 970.
LaTeX Info: Redefining \Relbar on input line 971.
\c@MaxMatrixCols=\count305
\dotsspace@=\muskip16
\c@parentequation=\count306
\dspbrk@lvl=\count307
\tag@help=\toks29
\row@=\count308
\column@=\count309
\maxfields@=\count310
\andhelp@=\toks30
\eqnshift@=\dimen266
\alignsep@=\dimen267
\tagshift@=\dimen268
\tagwidth@=\dimen269
\totwidth@=\dimen270
\lineht@=\dimen271
\@envbody=\toks31
\multlinegap=\skip56
\multlinetaggap=\skip57
\mathdisplay@stack=\toks32
LaTeX Info: Redefining \[ on input line 2953.
LaTeX Info: Redefining \] on input line 2954.
) (/usr/local/texlive/2023/texmf-dist/tex/latex/amscls/amsthm.sty
Package: amsthm 2020/05/29 v2.20.6
\thm@style=\toks33
\thm@bodyfont=\toks34
\thm@headfont=\toks35
\thm@notefont=\toks36
\thm@headpunct=\toks37
\thm@preskip=\skip58
\thm@postskip=\skip59
\thm@headsep=\skip60
\dth@everypar=\toks38
) (/usr/local/texlive/2023/texmf-dist/tex/latex/yhmath/yhmath.sty
Package: yhmath 2020/03/17 v1.6
\symyhlargesymbols=\mathgroup4
LaTeX Font Info:    Redeclaring math accent \widetilde on input line 29.
LaTeX Font Info:    Redeclaring math accent \widehat on input line 30.
LaTeX Font Info:    Redeclaring math symbol \braceld on input line 48.
LaTeX Font Info:    Redeclaring math symbol \bracerd on input line 49.
LaTeX Font Info:    Redeclaring math symbol \bracelu on input line 50.
LaTeX Font Info:    Redeclaring math symbol \braceru on input line 51.
LaTeX Font Info:    Redeclaring math delimiter \lmoustache on input line 53.
LaTeX Font Info:    Redeclaring math delimiter \rmoustache on input line 55.
LaTeX Font Info:    Redeclaring math delimiter \arrowvert on input line 57.
LaTeX Font Info:    Redeclaring math delimiter \Arrowvert on input line 59.
LaTeX Font Info:    Redeclaring math delimiter \Vert on input line 61.
LaTeX Font Info:    Redeclaring math delimiter \vert on input line 63.
LaTeX Font Info:    Redeclaring math delimiter \uparrow on input line 65.
LaTeX Font Info:    Redeclaring math delimiter \downarrow on input line 67.
LaTeX Font Info:    Redeclaring math delimiter \updownarrow on input line 69.
LaTeX Font Info:    Redeclaring math delimiter \Uparrow on input line 71.
LaTeX Font Info:    Redeclaring math delimiter \Downarrow on input line 73.
LaTeX Font Info:    Redeclaring math delimiter \Updownarrow on input line 75.
LaTeX Font Info:    Redeclaring math delimiter \backslash on input line 79.
LaTeX Font Info:    Redeclaring math delimiter \rangle on input line 81.
LaTeX Font Info:    Redeclaring math delimiter \langle on input line 83.
LaTeX Font Info:    Redeclaring math delimiter \rbrace on input line 85.
LaTeX Font Info:    Redeclaring math delimiter \lbrace on input line 87.
LaTeX Font Info:    Redeclaring math delimiter \rceil on input line 89.
LaTeX Font Info:    Redeclaring math delimiter \lceil on input line 91.
LaTeX Font Info:    Redeclaring math delimiter \rfloor on input line 93.
LaTeX Font Info:    Redeclaring math delimiter \lfloor on input line 95.
LaTeX Font Info:    Redeclaring math delimiter \lgroup on input line 97.
LaTeX Font Info:    Redeclaring math delimiter \rgroup on input line 99.
LaTeX Font Info:    Redeclaring math delimiter \bracevert on input line 101.
) (/usr/local/texlive/2023/texmf-dist/tex/latex/xcolor/xcolor.sty
Package: xcolor 2022/06/12 v2.14 LaTeX color extensions (UK)
 (/usr/local/texlive/2023/texmf-dist/tex/latex/graphics-cfg/color.cfg
File: color.cfg 2016/01/02 v1.6 sample color configuration
)
Package xcolor Info: Driver file: pdftex.def on input line 227.
LaTeX Info: Redefining \color on input line 711.
 (/usr/local/texlive/2023/texmf-dist/tex/latex/graphics/mathcolor.ltx)
Package xcolor Info: Model `cmy' substituted by `cmy0' on input line 1353.
Package xcolor Info: Model `hsb' substituted by `rgb' on input line 1357.
Package xcolor Info: Model `RGB' extended on input line 1369.
Package xcolor Info: Model `HTML' substituted by `rgb' on input line 1371.
Package xcolor Info: Model `Hsb' substituted by `hsb' on input line 1372.
Package xcolor Info: Model `tHsb' substituted by `hsb' on input line 1373.
Package xcolor Info: Model `HSB' substituted by `hsb' on input line 1374.
Package xcolor Info: Model `Gray' substituted by `gray' on input line 1375.
Package xcolor Info: Model `wave' substituted by `hsb' on input line 1376.
) (/usr/local/texlive/2023/texmf-dist/tex/generic/soul/soul.sty
Package: soul 2023-02-18 v3.0 Permit use of UTF-8 characters in soul (HO)
 (/usr/local/texlive/2023/texmf-dist/tex/generic/soul/soul-ori.sty
Package: soul-ori 2023-02-18 v3.0 letterspacing/underlining (mf)
\SOUL@word=\toks39
\SOUL@lasttoken=\toks40
\SOUL@syllable=\toks41
\SOUL@cmds=\toks42
\SOUL@buffer=\toks43
\SOUL@token=\toks44
\SOUL@syllgoal=\dimen272
\SOUL@syllwidth=\dimen273
\SOUL@charkern=\dimen274
\SOUL@hyphkern=\dimen275
\SOUL@dimen=\dimen276
\SOUL@dimeni=\dimen277
\SOUL@minus=\count311
\SOUL@comma=\count312
\SOUL@apo=\count313
\SOUL@grave=\count314
\SOUL@spaceskip=\skip61
\SOUL@ttwidth=\dimen278
\SOUL@uldp=\dimen279
\SOUL@ulht=\dimen280
) (/usr/local/texlive/2023/texmf-dist/tex/generic/infwarerr/infwarerr.sty
Package: infwarerr 2019/12/03 v1.5 Providing info/warning/error messages (HO)
) (/usr/local/texlive/2023/texmf-dist/tex/generic/etexcmds/etexcmds.sty
Package: etexcmds 2019/12/15 v1.7 Avoid name clashes with e-TeX commands (HO)
 (/usr/local/texlive/2023/texmf-dist/tex/generic/iftex/iftex.sty
Package: iftex 2022/02/03 v1.0f TeX engine tests
))) (/usr/local/texlive/2023/texmf-dist/tex/latex/hyperref/hyperref.sty
Package: hyperref 2023-02-07 v7.00v Hypertext links for LaTeX
 (/usr/local/texlive/2023/texmf-dist/tex/generic/ltxcmds/ltxcmds.sty
Package: ltxcmds 2020-05-10 v1.25 LaTeX kernel commands for general use (HO)
) (/usr/local/texlive/2023/texmf-dist/tex/generic/pdftexcmds/pdftexcmds.sty
Package: pdftexcmds 2020-06-27 v0.33 Utility functions of pdfTeX for LuaTeX (HO)
Package pdftexcmds Info: \pdf@primitive is available.
Package pdftexcmds Info: \pdf@ifprimitive is available.
Package pdftexcmds Info: \pdfdraftmode found.
) (/usr/local/texlive/2023/texmf-dist/tex/latex/kvsetkeys/kvsetkeys.sty
Package: kvsetkeys 2022-10-05 v1.19 Key value parser (HO)
) (/usr/local/texlive/2023/texmf-dist/tex/generic/kvdefinekeys/kvdefinekeys.sty
Package: kvdefinekeys 2019-12-19 v1.6 Define keys (HO)
) (/usr/local/texlive/2023/texmf-dist/tex/generic/pdfescape/pdfescape.sty
Package: pdfescape 2019/12/09 v1.15 Implements pdfTeX's escape features (HO)
) (/usr/local/texlive/2023/texmf-dist/tex/latex/hycolor/hycolor.sty
Package: hycolor 2020-01-27 v1.10 Color options for hyperref/bookmark (HO)
) (/usr/local/texlive/2023/texmf-dist/tex/latex/letltxmacro/letltxmacro.sty
Package: letltxmacro 2019/12/03 v1.6 Let assignment for LaTeX macros (HO)
) (/usr/local/texlive/2023/texmf-dist/tex/latex/auxhook/auxhook.sty
Package: auxhook 2019-12-17 v1.6 Hooks for auxiliary files (HO)
) (/usr/local/texlive/2023/texmf-dist/tex/latex/hyperref/nameref.sty
Package: nameref 2022-05-17 v2.50 Cross-referencing by name of section
 (/usr/local/texlive/2023/texmf-dist/tex/latex/refcount/refcount.sty
Package: refcount 2019/12/15 v3.6 Data extraction from label references (HO)
) (/usr/local/texlive/2023/texmf-dist/tex/generic/gettitlestring/gettitlestring.sty
Package: gettitlestring 2019/12/15 v1.6 Cleanup title references (HO)
 (/usr/local/texlive/2023/texmf-dist/tex/latex/kvoptions/kvoptions.sty
Package: kvoptions 2022-06-15 v3.15 Key value format for package options (HO)
))
\c@section@level=\count315
)
\@linkdim=\dimen281
\Hy@linkcounter=\count316
\Hy@pagecounter=\count317
 (/usr/local/texlive/2023/texmf-dist/tex/latex/hyperref/pd1enc.def
File: pd1enc.def 2023-02-07 v7.00v Hyperref: PDFDocEncoding definition (HO)
Now handling font encoding PD1 ...
... no UTF-8 mapping file for font encoding PD1
) (/usr/local/texlive/2023/texmf-dist/tex/generic/intcalc/intcalc.sty
Package: intcalc 2019/12/15 v1.3 Expandable calculations with integers (HO)
)
\Hy@SavedSpaceFactor=\count318
 (/usr/local/texlive/2023/texmf-dist/tex/latex/hyperref/puenc.def
File: puenc.def 2023-02-07 v7.00v Hyperref: PDF Unicode definition (HO)
Now handling font encoding PU ...
... no UTF-8 mapping file for font encoding PU
)
Package hyperref Info: Hyper figures OFF on input line 4177.
Package hyperref Info: Link nesting OFF on input line 4182.
Package hyperref Info: Hyper index ON on input line 4185.
Package hyperref Info: Plain pages OFF on input line 4192.
Package hyperref Info: Backreferencing OFF on input line 4197.
Package hyperref Info: Implicit mode ON; LaTeX internals redefined.
Package hyperref Info: Bookmarks ON on input line 4425.
\c@Hy@tempcnt=\count319
 (/usr/local/texlive/2023/texmf-dist/tex/latex/url/url.sty
\Urlmuskip=\muskip17
Package: url 2013/09/16  ver 3.4  Verb mode for urls, etc.
)
LaTeX Info: Redefining \url on input line 4763.
\XeTeXLinkMargin=\dimen282
 (/usr/local/texlive/2023/texmf-dist/tex/generic/bitset/bitset.sty
Package: bitset 2019/12/09 v1.3 Handle bit-vector datatype (HO)
 (/usr/local/texlive/2023/texmf-dist/tex/generic/bigintcalc/bigintcalc.sty
Package: bigintcalc 2019/12/15 v1.5 Expandable calculations on big integers (HO)
))
\Fld@menulength=\count320
\Field@Width=\dimen283
\Fld@charsize=\dimen284
Package hyperref Info: Hyper figures OFF on input line 6042.
Package hyperref Info: Link nesting OFF on input line 6047.
Package hyperref Info: Hyper index ON on input line 6050.
Package hyperref Info: backreferencing OFF on input line 6057.
Package hyperref Info: Link coloring OFF on input line 6062.
Package hyperref Info: Link coloring with OCG OFF on input line 6067.
Package hyperref Info: PDF/A mode OFF on input line 6072.
 (/usr/local/texlive/2023/texmf-dist/tex/latex/base/atbegshi-ltx.sty
Package: atbegshi-ltx 2021/01/10 v1.0c Emulation of the original atbegshi
package with kernel methods
)
\Hy@abspage=\count321
\c@Item=\count322
\c@Hfootnote=\count323
)
Package hyperref Info: Driver (autodetected): hpdftex.
 (/usr/local/texlive/2023/texmf-dist/tex/latex/hyperref/hpdftex.def
File: hpdftex.def 2023-02-07 v7.00v Hyperref driver for pdfTeX
 (/usr/local/texlive/2023/texmf-dist/tex/latex/base/atveryend-ltx.sty
Package: atveryend-ltx 2020/08/19 v1.0a Emulation of the original atveryend package
with kernel methods
)
\Fld@listcount=\count324
\c@bookmark@seq@number=\count325
 (/usr/local/texlive/2023/texmf-dist/tex/latex/rerunfilecheck/rerunfilecheck.sty
Package: rerunfilecheck 2022-07-10 v1.10 Rerun checks for auxiliary files (HO)
 (/usr/local/texlive/2023/texmf-dist/tex/generic/uniquecounter/uniquecounter.sty
Package: uniquecounter 2019/12/15 v1.4 Provide unlimited unique counter (HO)
)
Package uniquecounter Info: New unique counter `rerunfilecheck' on input line 285.
)
\Hy@SectionHShift=\skip62
) (/usr/local/texlive/2023/texmf-dist/tex/latex/cleveref/cleveref.sty
Package: cleveref 2018/03/27 v0.21.4 Intelligent cross-referencing
Package cleveref Info: `hyperref' support loaded on input line 2370.
LaTeX Info: Redefining \cref on input line 2370.
LaTeX Info: Redefining \Cref on input line 2370.
LaTeX Info: Redefining \crefrange on input line 2370.
LaTeX Info: Redefining \Crefrange on input line 2370.
LaTeX Info: Redefining \cpageref on input line 2370.
LaTeX Info: Redefining \Cpageref on input line 2370.
LaTeX Info: Redefining \cpagerefrange on input line 2370.
LaTeX Info: Redefining \Cpagerefrange on input line 2370.
LaTeX Info: Redefining \labelcref on input line 2370.
LaTeX Info: Redefining \labelcpageref on input line 2370.
Package cleveref Info: `amsthm' support loaded on input line 3026.
Package cleveref Info: `subfig' support loaded on input line 3164.
) (/usr/local/texlive/2023/texmf-dist/tex/latex/multirow/multirow.sty
Package: multirow 2021/03/15 v2.8 Span multiple rows of a table
\multirow@colwidth=\skip63
\multirow@cntb=\count326
\multirow@dima=\skip64
\bigstrutjot=\dimen285
) (/usr/local/texlive/2023/texmf-dist/tex/latex/pdfpages/pdfpages.sty
Package: pdfpages 2022/12/19 v0.5x Insert pages of external PDF documents (AM)
 (/usr/local/texlive/2023/texmf-dist/tex/latex/base/ifthen.sty
Package: ifthen 2022/04/13 v1.1d Standard LaTeX ifthen package (DPC)
) (/usr/local/texlive/2023/texmf-dist/tex/latex/tools/calc.sty
Package: calc 2017/05/25 v4.3 Infix arithmetic (KKT,FJ)
\calc@Acount=\count327
\calc@Bcount=\count328
\calc@Adimen=\dimen286
\calc@Bdimen=\dimen287
\calc@Askip=\skip65
\calc@Bskip=\skip66
LaTeX Info: Redefining \setlength on input line 80.
LaTeX Info: Redefining \addtolength on input line 81.
\calc@Ccount=\count329
\calc@Cskip=\skip67
) (/usr/local/texlive/2023/texmf-dist/tex/latex/eso-pic/eso-pic.sty
Package: eso-pic 2020/10/14 v3.0a eso-pic (RN)
\ESO@tempdima=\dimen288
\ESO@tempdimb=\dimen289
)
\AM@pagewidth=\dimen290
\AM@pageheight=\dimen291
\AM@fboxrule=\dimen292
 (/usr/local/texlive/2023/texmf-dist/tex/latex/pdfpages/pppdftex.def
File: pppdftex.def 2022/12/19 v0.5x Pdfpages driver for pdfTeX (AM)
)
\pdfpages@includegraphics@status=\count330
\AM@pagebox=\box82
\AM@global@opts=\toks45
\AM@pagecnt=\count331
\AM@toc@title=\toks46
\AM@lof@heading=\toks47
\c@AM@survey=\count332
\AM@templatesizebox=\box83
) (/usr/local/texlive/2023/texmf-dist/tex/latex/datetime/datetime.sty
Package: datetime 2015/03/20 v2.60 Date Time Package
 (/usr/local/texlive/2023/texmf-dist/tex/latex/etoolbox/etoolbox.sty
Package: etoolbox 2020/10/05 v2.5k e-TeX tools for LaTeX (JAW)
\etb@tempcnta=\count333
) (/usr/local/texlive/2023/texmf-dist/tex/latex/fmtcount/fmtcount.sty
Package: fmtcount 2020/01/30 v3.07
 (/usr/local/texlive/2023/texmf-dist/tex/latex/xkeyval/xkeyval.sty
Package: xkeyval 2022/06/16 v2.9 package option processing (HA)
 (/usr/local/texlive/2023/texmf-dist/tex/generic/xkeyval/xkeyval.tex (/usr/local/texlive/2023/texmf-dist/tex/generic/xkeyval/xkvutils.tex
\XKV@toks=\toks48
\XKV@tempa@toks=\toks49
)
\XKV@depth=\count334
File: xkeyval.tex 2014/12/03 v2.7a key=value parser (HA)
)) (/usr/local/texlive/2023/texmf-dist/tex/latex/fmtcount/fcprefix.sty
Package: fcprefix 2012/09/28
 (/usr/local/texlive/2023/texmf-dist/tex/latex/fmtcount/fcnumparser.sty
Package: fcnumparser 2017/06/15
\fc@digit@counter=\count335
))
\c@padzeroesN=\count336
\fc@tmpcatcode=\count337
\@DT@modctr=\count338
\@ordinalctr=\count339
\@orgargctr=\count340
\@strctr=\count341
\@tmpstrctr=\count342
\@DT@loopN=\count343
\@DT@X=\count344
) (/usr/local/texlive/2023/texmf-dist/tex/latex/datetime/datetime-defaults.sty
Package: datetime-defaults 2013/09/10
)
\@day=\count345
\@month=\count346
\@year=\count347
\c@HOUR=\count348
\c@HOURXII=\count349
\c@MINUTE=\count350
\c@TOHOUR=\count351
\c@TOMINUTE=\count352
\c@SECOND=\count353
\currenthour=\count354
\currentminute=\count355
\currentsecond=\count356
Package datetime Info: No datetime.cfg file found, using default settings on input line 308.
\@dtctr=\count357
\dayofyear=\count358
\dayofweek=\count359
LaTeX Info: Redefining \today on input line 736.
\dt@a=\toks50
\dt@b=\toks51
) (./shortcuts.tex (/usr/local/texlive/2023/texmf-dist/tex/latex/tools/bm.sty
Package: bm 2022/01/05 v1.2f Bold Symbol Support (DPC/FMi)
\symboldoperators=\mathgroup5
\symboldletters=\mathgroup6
\symboldsymbols=\mathgroup7
Package bm Info: No bold for \OMX/cmex/m/n, using \pmb.
Package bm Info: No bold for \OMX/yhex/m/n, using \pmb.
LaTeX Font Info:    Redeclaring math alphabet \mathbf on input line 149.
) (/usr/local/texlive/2023/texmf-dist/tex/latex/doublestroke/dsfont.sty
Package: dsfont 1995/08/01 v0.1 Double stroke roman fonts
)) (/usr/local/texlive/2023/texmf-dist/tex/latex/tools/longtable.sty
Package: longtable 2021-09-01 v4.17 Multi-page Table package (DPC)
\LTleft=\skip68
\LTright=\skip69
\LTpre=\skip70
\LTpost=\skip71
\LTchunksize=\count360
\LTcapwidth=\dimen293
\LT@head=\box84
\LT@firsthead=\box85
\LT@foot=\box86
\LT@lastfoot=\box87
\LT@gbox=\box88
\LT@cols=\count361
\LT@rows=\count362
\c@LT@tables=\count363
\c@LT@chunks=\count364
\LT@p@ftn=\toks52
) (/usr/local/texlive/2023/texmf-dist/tex/latex/booktabs/booktabs.sty
Package: booktabs 2020/01/12 v1.61803398 Publication quality tables
\heavyrulewidth=\dimen294
\lightrulewidth=\dimen295
\cmidrulewidth=\dimen296
\belowrulesep=\dimen297
\belowbottomsep=\dimen298
\aboverulesep=\dimen299
\abovetopsep=\dimen300
\cmidrulesep=\dimen301
\cmidrulekern=\dimen302
\defaultaddspace=\dimen303
\@cmidla=\count365
\@cmidlb=\count366
\@aboverulesep=\dimen304
\@belowrulesep=\dimen305
\@thisruleclass=\count367
\@lastruleclass=\count368
\@thisrulewidth=\dimen306
) (/usr/local/texlive/2023/texmf-dist/tex/latex/geometry/geometry.sty
Package: geometry 2020/01/02 v5.9 Page Geometry
 (/usr/local/texlive/2023/texmf-dist/tex/generic/iftex/ifvtex.sty
Package: ifvtex 2019/10/25 v1.7 ifvtex legacy package. Use iftex instead.
)
\Gm@cnth=\count369
\Gm@cntv=\count370
\c@Gm@tempcnt=\count371
\Gm@bindingoffset=\dimen307
\Gm@wd@mp=\dimen308
\Gm@odd@mp=\dimen309
\Gm@even@mp=\dimen310
\Gm@layoutwidth=\dimen311
\Gm@layoutheight=\dimen312
\Gm@layouthoffset=\dimen313
\Gm@layoutvoffset=\dimen314
\Gm@dimlist=\toks53
) (/usr/local/texlive/2023/texmf-dist/tex/latex/base/inputenc.sty
Package: inputenc 2021/02/14 v1.3d Input encoding file
\inpenc@prehook=\toks54
\inpenc@posthook=\toks55
) (/usr/local/texlive/2023/texmf-dist/tex/latex/ragged2e/ragged2e.sty
Package: ragged2e 2023/02/25 v3.4 ragged2e Package
\CenteringLeftskip=\skip72
\RaggedLeftLeftskip=\skip73
\RaggedRightLeftskip=\skip74
\CenteringRightskip=\skip75
\RaggedLeftRightskip=\skip76
\RaggedRightRightskip=\skip77
\CenteringParfillskip=\skip78
\RaggedLeftParfillskip=\skip79
\RaggedRightParfillskip=\skip80
\JustifyingParfillskip=\skip81
\CenteringParindent=\skip82
\RaggedLeftParindent=\skip83
\RaggedRightParindent=\skip84
\JustifyingParindent=\skip85
) (/usr/local/texlive/2023/texmf-dist/tex/latex/biblatex/biblatex.sty
Package: biblatex 2023/03/05 v3.19 programmable bibliographies (PK/MW)
 (/usr/local/texlive/2023/texmf-dist/tex/latex/logreq/logreq.sty
Package: logreq 2010/08/04 v1.0 xml request logger
\lrq@indent=\count372
 (/usr/local/texlive/2023/texmf-dist/tex/latex/logreq/logreq.def
File: logreq.def 2010/08/04 v1.0 logreq spec v1.0
))
\c@tabx@nest=\count373
\c@listtotal=\count374
\c@listcount=\count375
\c@liststart=\count376
\c@liststop=\count377
\c@citecount=\count378
\c@citetotal=\count379
\c@multicitecount=\count380
\c@multicitetotal=\count381
\c@instcount=\count382
\c@maxnames=\count383
\c@minnames=\count384
\c@maxitems=\count385
\c@minitems=\count386
\c@citecounter=\count387
\c@maxcitecounter=\count388
\c@savedcitecounter=\count389
\c@uniquelist=\count390
\c@uniquename=\count391
\c@refsection=\count392
\c@refsegment=\count393
\c@maxextratitle=\count394
\c@maxextratitleyear=\count395
\c@maxextraname=\count396
\c@maxextradate=\count397
\c@maxextraalpha=\count398
\c@abbrvpenalty=\count399
\c@highnamepenalty=\count400
\c@lownamepenalty=\count401
\c@maxparens=\count402
\c@parenlevel=\count403
\blx@tempcnta=\count404
\blx@tempcntb=\count405
\blx@tempcntc=\count406
\c@blx@maxsection=\count407
\blx@maxsegment@0=\count408
\blx@notetype=\count409
\blx@parenlevel@text=\count410
\blx@parenlevel@foot=\count411
\blx@sectionciteorder@0=\count412
\blx@sectionciteorderinternal@0=\count413
\blx@entrysetcounter=\count414
\blx@biblioinstance=\count415
\labelnumberwidth=\skip86
\labelalphawidth=\skip87
\biblabelsep=\skip88
\bibitemsep=\skip89
\bibnamesep=\skip90
\bibinitsep=\skip91
\bibparsep=\skip92
\bibhang=\skip93
\blx@bcfin=\read2
\blx@bcfout=\write3
\blx@langwohyphens=\language87
\c@mincomprange=\count416
\c@maxcomprange=\count417
\c@mincompwidth=\count418
Package biblatex Info: Trying to load biblatex default data model...
Package biblatex Info: ... file 'blx-dm.def' found.
 (/usr/local/texlive/2023/texmf-dist/tex/latex/biblatex/blx-dm.def
File: blx-dm.def 2023/03/05 v3.19 biblatex localization (PK/MW)
)
Package biblatex Info: Trying to load biblatex style data model...
Package biblatex Info: ... file 'authoryear.dbx' not found.
Package biblatex Info: Trying to load biblatex custom data model...
Package biblatex Info: ... file 'biblatex-dm.cfg' not found.
\c@afterword=\count419
\c@savedafterword=\count420
\c@annotator=\count421
\c@savedannotator=\count422
\c@author=\count423
\c@savedauthor=\count424
\c@bookauthor=\count425
\c@savedbookauthor=\count426
\c@commentator=\count427
\c@savedcommentator=\count428
\c@editor=\count429
\c@savededitor=\count430
\c@editora=\count431
\c@savededitora=\count432
\c@editorb=\count433
\c@savededitorb=\count434
\c@editorc=\count435
\c@savededitorc=\count436
\c@foreword=\count437
\c@savedforeword=\count438
\c@holder=\count439
\c@savedholder=\count440
\c@introduction=\count441
\c@savedintroduction=\count442
\c@namea=\count443
\c@savednamea=\count444
\c@nameb=\count445
\c@savednameb=\count446
\c@namec=\count447
\c@savednamec=\count448
\c@translator=\count449
\c@savedtranslator=\count450
\c@shortauthor=\count451
\c@savedshortauthor=\count452
\c@shorteditor=\count453
\c@savedshorteditor=\count454
\c@labelname=\count455
\c@savedlabelname=\count456
\c@institution=\count457
\c@savedinstitution=\count458
\c@lista=\count459
\c@savedlista=\count460
\c@listb=\count461
\c@savedlistb=\count462
\c@listc=\count463
\c@savedlistc=\count464
\c@listd=\count465
\c@savedlistd=\count466
\c@liste=\count467
\c@savedliste=\count468
\c@listf=\count469
\c@savedlistf=\count470
\c@location=\count471
\c@savedlocation=\count472
\c@organization=\count473
\c@savedorganization=\count474
\c@origlocation=\count475
\c@savedoriglocation=\count476
\c@origpublisher=\count477
\c@savedorigpublisher=\count478
\c@publisher=\count479
\c@savedpublisher=\count480
\c@language=\count481
\c@savedlanguage=\count482
\c@origlanguage=\count483
\c@savedoriglanguage=\count484
\c@pageref=\count485
\c@savedpageref=\count486
\shorthandwidth=\skip94
\shortjournalwidth=\skip95
\shortserieswidth=\skip96
\shorttitlewidth=\skip97
\shortauthorwidth=\skip98
\shorteditorwidth=\skip99
\locallabelnumberwidth=\skip100
\locallabelalphawidth=\skip101
\localshorthandwidth=\skip102
\localshortjournalwidth=\skip103
\localshortserieswidth=\skip104
\localshorttitlewidth=\skip105
\localshortauthorwidth=\skip106
\localshorteditorwidth=\skip107
Package biblatex Info: Trying to load compatibility code...
Package biblatex Info: ... file 'blx-compat.def' found.
 (/usr/local/texlive/2023/texmf-dist/tex/latex/biblatex/blx-compat.def
File: blx-compat.def 2023/03/05 v3.19 biblatex compatibility (PK/MW)
)
Package biblatex Info: Trying to load generic definitions...
Package biblatex Info: ... file 'biblatex.def' found.
 (/usr/local/texlive/2023/texmf-dist/tex/latex/biblatex/biblatex.def
File: biblatex.def 2023/03/05 v3.19 biblatex compatibility (PK/MW)
\c@textcitecount=\count487
\c@textcitetotal=\count488
\c@textcitemaxnames=\count489
\c@biburlbigbreakpenalty=\count490
\c@biburlbreakpenalty=\count491
\c@biburlnumpenalty=\count492
\c@biburlucpenalty=\count493
\c@biburllcpenalty=\count494
\biburlbigskip=\muskip18
\biburlnumskip=\muskip19
\biburlucskip=\muskip20
\biburllcskip=\muskip21
\c@smartand=\count495
)
Package biblatex Info: Trying to load bibliography style 'authoryear'...
Package biblatex Info: ... file 'authoryear.bbx' found.
 (/usr/local/texlive/2023/texmf-dist/tex/latex/biblatex/bbx/authoryear.bbx
File: authoryear.bbx 2023/03/05 v3.19 biblatex bibliography style (PK/MW)
Package biblatex Info: Trying to load bibliography style 'standard'...
Package biblatex Info: ... file 'standard.bbx' found.
 (/usr/local/texlive/2023/texmf-dist/tex/latex/biblatex/bbx/standard.bbx
File: standard.bbx 2023/03/05 v3.19 biblatex bibliography style (PK/MW)
\c@bbx:relatedcount=\count496
\c@bbx:relatedtotal=\count497
))
Package biblatex Info: Trying to load citation style 'authoryear'...
Package biblatex Info: ... file 'authoryear.cbx' found.
 (/usr/local/texlive/2023/texmf-dist/tex/latex/biblatex/cbx/authoryear.cbx
File: authoryear.cbx 2023/03/05 v3.19 biblatex citation style (PK/MW)
Package biblatex Info: Redefining '\cite'.
Package biblatex Info: Redefining '\parencite'.
Package biblatex Info: Redefining '\footcite'.
Package biblatex Info: Redefining '\footcitetext'.
Package biblatex Info: Redefining '\smartcite'.
Package biblatex Info: Redefining '\textcite'.
Package biblatex Info: Redefining '\textcites'.
)
Package biblatex Info: Trying to load configuration file...
Package biblatex Info: ... file 'biblatex.cfg' found.
 (/usr/local/texlive/2023/texmf-dist/tex/latex/biblatex/biblatex.cfg
File: biblatex.cfg 
)
Package biblatex Info: Input encoding 'utf8' detected.
Package biblatex Info: Document encoding is UTF8 ....
Package biblatex Info: ... and expl3
(biblatex)             2023-02-22 L3 programming layer (loader) 
(biblatex)             is new enough (at least 2020/04/06),
(biblatex)             setting 'casechanger=expl3'.
 (/usr/local/texlive/2023/texmf-dist/tex/latex/biblatex/blx-case-expl3.sty (/usr/local/texlive/2023/texmf-dist/tex/latex/l3packages/xparse/xparse.sty
Package: xparse 2023-02-02 L3 Experimental document command parser
)
Package: blx-case-expl3 2023/03/05 v3.19 expl3 case changing code for biblatex
)) (/usr/local/texlive/2023/texmf-dist/tex/latex/fancyhdr/fancyhdr.sty
Package: fancyhdr 2022/11/09 v4.1 Extensive control of page headers and footers
\f@nch@headwidth=\skip108
\f@nch@O@elh=\skip109
\f@nch@O@erh=\skip110
\f@nch@O@olh=\skip111
\f@nch@O@orh=\skip112
\f@nch@O@elf=\skip113
\f@nch@O@erf=\skip114
\f@nch@O@olf=\skip115
\f@nch@O@orf=\skip116
)
Package hyperref Info: Option `colorlinks' set `true' on input line 73.
 (/usr/local/texlive/2023/texmf-dist/tex/latex/upquote/upquote.sty
Package: upquote 2012/04/19 v1.3 upright-quote and grave-accent glyphs in verbatim
)
\@quotelevel=\count498
\@quotereset=\count499
 (./thesis.aux)
\openout1 = `thesis.aux'.

LaTeX Font Info:    Checking defaults for OML/cmm/m/it on input line 87.
LaTeX Font Info:    ... okay on input line 87.
LaTeX Font Info:    Checking defaults for OMS/cmsy/m/n on input line 87.
LaTeX Font Info:    ... okay on input line 87.
LaTeX Font Info:    Checking defaults for OT1/cmr/m/n on input line 87.
LaTeX Font Info:    ... okay on input line 87.
LaTeX Font Info:    Checking defaults for T1/cmr/m/n on input line 87.
LaTeX Font Info:    ... okay on input line 87.
LaTeX Font Info:    Checking defaults for TS1/cmr/m/n on input line 87.
LaTeX Font Info:    ... okay on input line 87.
LaTeX Font Info:    Checking defaults for OMX/cmex/m/n on input line 87.
LaTeX Font Info:    ... okay on input line 87.
LaTeX Font Info:    Checking defaults for U/cmr/m/n on input line 87.
LaTeX Font Info:    ... okay on input line 87.
LaTeX Font Info:    Checking defaults for PD1/pdf/m/n on input line 87.
LaTeX Font Info:    ... okay on input line 87.
LaTeX Font Info:    Checking defaults for PU/pdf/m/n on input line 87.
LaTeX Font Info:    ... okay on input line 87.
 (/usr/local/texlive/2023/texmf-dist/tex/context/base/mkii/supp-pdf.mkii
[Loading MPS to PDF converter (version 2006.09.02).]
\scratchcounter=\count500
\scratchdimen=\dimen315
\scratchbox=\box89
\nofMPsegments=\count501
\nofMParguments=\count502
\everyMPshowfont=\toks56
\MPscratchCnt=\count503
\MPscratchDim=\dimen316
\MPnumerator=\count504
\makeMPintoPDFobject=\count505
\everyMPtoPDFconversion=\toks57
) (/usr/local/texlive/2023/texmf-dist/tex/latex/epstopdf-pkg/epstopdf-base.sty
Package: epstopdf-base 2020-01-24 v2.11 Base part for package epstopdf
Package epstopdf-base Info: Redefining graphics rule for `.eps' on input line 485.
 (/usr/local/texlive/2023/texmf-dist/tex/latex/latexconfig/epstopdf-sys.cfg
File: epstopdf-sys.cfg 2010/07/13 v1.3 Configuration of (r)epstopdf for TeX Live
))
Package caption Info: Begin \AtBeginDocument code.
Package caption Info: subfig package v1.3 is loaded.
Package caption Info: float package is loaded.
Package caption Info: hyperref package is loaded.
Package caption Info: longtable package is loaded.
 (/usr/local/texlive/2023/texmf-dist/tex/latex/caption/ltcaption.sty
Package: ltcaption 2021/01/08 v1.4c longtable captions (AR)
)
Package caption Info: End \AtBeginDocument code.
 (/usr/local/texlive/2023/texmf-dist/tex/latex/ninecolors/ninecolors.sty
Package: ninecolors 2022-02-13 vv2022D Select colors with proper color contrast
)
Package hyperref Info: Link coloring ON on input line 87.
 (./thesis.out) (./thesis.out)
\@outlinefile=\write4
\openout4 = `thesis.out'.

 (/usr/local/texlive/2023/texmf-dist/tex/latex/pdflscape/pdflscape.sty
Package: pdflscape 2022-10-27 v0.13 Display of landscape pages in PDF
 (/usr/local/texlive/2023/texmf-dist/tex/latex/pdflscape/pdflscape-nometadata.sty
Package: pdflscape-nometadata 2022-10-28 v0.13 Display of landscape pages in PDF (HO)
 (/usr/local/texlive/2023/texmf-dist/tex/latex/graphics/lscape.sty
Package: lscape 2020/05/28 v3.02 Landscape Pages (DPC)
)
Package pdflscape Info: Auto-detected driver: pdftex on input line 81.
)) (/usr/local/texlive/2023/texmf-dist/tex/latex/fmtcount/fc-english.def
File: fc-english.def 2016/01/12
)
*geometry* driver: auto-detecting
*geometry* detected driver: pdftex
*geometry* verbose mode - [ preamble ] result:
* driver: pdftex
* paper: a4paper
* layout: <same size as paper>
* layoutoffset:(h,v)=(0.0pt,0.0pt)
* modes: 
* h-part:(L,W,R)=(71.1319pt, 455.24408pt, 71.1319pt)
* v-part:(T,H,B)=(99.58464pt, 660.10394pt, 85.35826pt)
* \paperwidth=597.50787pt
* \paperheight=845.04684pt
* \textwidth=455.24408pt
* \textheight=660.10394pt
* \oddsidemargin=-1.13809pt
* \evensidemargin=-1.13809pt
* \topmargin=-9.68535pt
* \headheight=14.5pt
* \headsep=25.0pt
* \topskip=12.0pt
* \footskip=30.0pt
* \marginparwidth=44.0pt
* \marginparsep=10.0pt
* \columnsep=10.0pt
* \skip\footins=10.8pt plus 4.0pt minus 2.0pt
* \hoffset=0.0pt
* \voffset=0.0pt
* \mag=1000
* \@twocolumnfalse
* \@twosidefalse
* \@mparswitchfalse
* \@reversemarginfalse
* (1in=72.27pt=25.4mm, 1cm=28.453pt)

Package biblatex Info: Trying to load language 'english'...
Package biblatex Info: ... file 'english.lbx' found.
(/usr/local/texlive/2023/texmf-dist/tex/latex/biblatex/lbx/english.lbx
File: english.lbx 2023/03/05 v3.19 biblatex localization (PK/MW)
)
Package biblatex Info: Input encoding 'utf8' detected.
Package biblatex Info: Automatic encoding selection.
(biblatex)             Assuming data encoding 'utf8'.
\openout3 = `thesis.bcf'.

Package biblatex Info: Trying to load bibliographic data...
Package biblatex Info: ... file 'thesis.bbl' found.
 (./thesis.bbl)
Package biblatex Info: Reference section=0 on input line 87.
Package biblatex Info: Reference segment=0 on input line 87.
<../figures/sigillum.png, id=36, 2946.00626pt x 2991.175pt>
File: ../figures/sigillum.png Graphic file (type png)
<use ../figures/sigillum.png>
Package pdftex.def Info: ../figures/sigillum.png  used on input line 123.
(pdftex.def)             Requested size: 182.09485pt x 184.84846pt.
 [1

{/usr/local/texlive/2023/texmf-var/fonts/map/pdftex/updmap/pdftex.map} <../figures/sigillum.png

pdfTeX warning: pdflatex (file ../figures/sigillum.png): large interlaced PNG might cause out of memory (use non-interlaced PNG to fix this)
>] [1] [2] (./thesis.toc
LaTeX Font Info:    Trying to load font information for OMX+yhex on input line 3.
 (/usr/local/texlive/2023/texmf-dist/tex/latex/yhmath/OMXyhex.fd
File: OMXyhex.fd 
File: OMXyhex.fd 2013/07/03 v1.1 YH's humble contribution to TeX maths (NP)
))
\tf@toc=\write5
\openout5 = `thesis.toc'.

 [3] (./thesis.lof)
\tf@lof=\write6
\openout6 = `thesis.lof'.

 [4] (./thesis.lot)
\tf@lot=\write7
\openout7 = `thesis.lot'.

 [5] (./chapters/fairness_metrics.tex
pdfTeX warning (ext4): destination with the same identifier (name{page.1}) has been already used, duplicate ignored
<to be read again> 
                   \relax 
l.18 
      [1{/usr/local/texlive/2023/texmf-dist/fonts/enc/dvips/cm-super/cm-super-ts1.enc}]

Package hyperref Warning: Difference (2) between bookmark levels is greater 
(hyperref)                than one, level fixed on input line 19.

[2] [3] [4] [5]) (./chapters/fairness_methods.tex) (./chapters/sqf_case_study.tex [6] [7]
<../figures/sqf_case_study_plot7.png, id=163, 722.7pt x 433.62pt>
File: ../figures/sqf_case_study_plot7.png Graphic file (type png)
<use ../figures/sqf_case_study_plot7.png>
Package pdftex.def Info: ../figures/sqf_case_study_plot7.png  used on input line 26.
(pdftex.def)             Requested size: 318.66946pt x 191.20361pt.
<../figures/sqf_case_study_plot8.png, id=166, 722.7pt x 433.62pt>
File: ../figures/sqf_case_study_plot8.png Graphic file (type png)
<use ../figures/sqf_case_study_plot8.png>
Package pdftex.def Info: ../figures/sqf_case_study_plot8.png  used on input line 39.
(pdftex.def)             Requested size: 318.66946pt x 191.20361pt.
 [8 <../figures/sqf_case_study_plot7.png>]
<../figures/sqf_case_study_plot10.png, id=173, 722.7pt x 433.62pt>
File: ../figures/sqf_case_study_plot10.png Graphic file (type png)
<use ../figures/sqf_case_study_plot10.png>
Package pdftex.def Info: ../figures/sqf_case_study_plot10.png  used on input line 55.
(pdftex.def)             Requested size: 318.66946pt x 191.20361pt.
<../figures/bias_loop.png, id=174, 567.11874pt x 324.21124pt>
File: ../figures/bias_loop.png Graphic file (type png)
<use ../figures/bias_loop.png>
Package pdftex.def Info: ../figures/bias_loop.png  used on input line 76.
(pdftex.def)             Requested size: 318.66946pt x 182.18039pt.
 [9 <../figures/sqf_case_study_plot8.png>] [10 <../figures/sqf_case_study_plot10.png> <../figures/bias_loop.png>]) (./chapters/residual_unfairness.tex
<../figures/selection_bias.png, id=186, 362.35374pt x 147.55125pt>
File: ../figures/selection_bias.png Graphic file (type png)
<use ../figures/selection_bias.png>
Package pdftex.def Info: ../figures/selection_bias.png  used on input line 3.
(pdftex.def)             Requested size: 318.66946pt x 129.76443pt.
<../figures/sqf_case_study_plot6.png, id=192, 722.7pt x 433.62pt>
File: ../figures/sqf_case_study_plot6.png Graphic file (type png)
<use ../figures/sqf_case_study_plot6.png>
Package pdftex.def Info: ../figures/sqf_case_study_plot6.png  used on input line 14.
(pdftex.def)             Requested size: 318.66946pt x 191.20361pt.
 [11 <../figures/selection_bias.png>] [12 <../figures/sqf_case_study_plot6.png>] [13] [14]) (./chapters/bias_in_bias_out.tex [15]) [16]
pdfTeX warning (ext4): destination with the same identifier (name{page.V}) has been already used, duplicate ignored
<to be read again> 
                   \relax 
l.231 \newpage
               [5] [6] (./thesis.aux)
Package rerunfilecheck Info: File `thesis.out' has not changed.
(rerunfilecheck)             Checksum: 52A860E0C5467FF8E0B55E4CD9E6176C;1120.
Package logreq Info: Writing requests to 'thesis.run.xml'.
\openout1 = `thesis.run.xml'.

 ) 
Here is how much of TeX's memory you used:
 31242 strings out of 476025
 592302 string characters out of 5790017
 1867388 words of memory out of 5000000
 51180 multiletter control sequences out of 15000+600000
 528348 words of font info for 84 fonts, out of 8000000 for 9000
 1141 hyphenation exceptions out of 8191
 75i,12n,79p,1971b,1584s stack positions out of 10000i,1000n,20000p,200000b,200000s
</usr/local/texlive/2023/texmf-dist/fonts/type1/public/amsfonts/cm/cmbx10.pfb></usr/local/texlive/2023/texmf-dist/fonts/type1/public/amsfonts/cm/cmbx12.pfb></usr/local/texlive/2023/texmf-dist/fonts/type1/public/amsfonts/cm/cmcsc10.pfb></usr/local/texlive/2023/texmf-dist/fonts/type1/public/amsfonts/cm/cmex10.pfb></usr/local/texlive/2023/texmf-dist/fonts/type1/public/amsfonts/cm/cmmi12.pfb></usr/local/texlive/2023/texmf-dist/fonts/type1/public/amsfonts/cm/cmmi8.pfb></usr/local/texlive/2023/texmf-dist/fonts/type1/public/amsfonts/cm/cmr10.pfb></usr/local/texlive/2023/texmf-dist/fonts/type1/public/amsfonts/cm/cmr12.pfb></usr/local/texlive/2023/texmf-dist/fonts/type1/public/amsfonts/cm/cmr17.pfb></usr/local/texlive/2023/texmf-dist/fonts/type1/public/amsfonts/cm/cmr7.pfb></usr/local/texlive/2023/texmf-dist/fonts/type1/public/amsfonts/cm/cmr8.pfb></usr/local/texlive/2023/texmf-dist/fonts/type1/public/amsfonts/cm/cmsy10.pfb></usr/local/texlive/2023/texmf-dist/fonts/type1/public/amsfonts/cm/cmti12.pfb></usr/local/texlive/2023/texmf-dist/fonts/type1/public/amsfonts/cm/cmtt12.pfb></usr/local/texlive/2023/texmf-dist/fonts/type1/public/cm-super/sfrm1200.pfb>
Output written on thesis.pdf (24 pages, 979732 bytes).
PDF statistics:
 335 PDF objects out of 1000 (max. 8388607)
 266 compressed objects within 3 object streams
 66 named destinations out of 1000 (max. 500000)
 100 words of extra memory for PDF output out of 10000 (max. 10000000)

